2022-06-02 14:44:48 INFO  FormDbUtil:319 - Unable to fetch records from entity list java.sql.SQLSyntaxErrorException: Table 'countrynames.incorporation_for' doesn't exist
2022-06-02 14:44:50 INFO  FormDbUtil:319 - Unable to fetch records from entity list java.sql.SQLSyntaxErrorException: Table 'countrynames.incorporation_for' doesn't exist
2022-06-02 14:45:53 INFO  FormDbUtil:319 - Unable to fetch records from entity list java.sql.SQLSyntaxErrorException: Table 'countrynames.incorporation_for' doesn't exist
2022-06-03 15:26:06 INFO  FormDbUtil:807 - Unable to print records in pdf java.lang.NumberFormatException: For input string: "TechLead Data Lab"
2022-06-03 15:27:08 INFO  FormDbUtil:807 - Unable to print records in pdf java.lang.NumberFormatException: For input string: "TechLead Data Lab"
2022-06-03 15:27:55 INFO  FormDbUtil:804 - Unable to print records in pdf java.lang.NumberFormatException: For input string: "TechLead Data Lab"
2022-06-03 15:28:41 INFO  FormDbUtil:804 - Unable to print records in pdf java.lang.NumberFormatException: For input string: "TechLead Data Lab"
2022-06-03 17:02:20 INFO  FormDbUtil:100 - Unable to fetch records from getcodevalues java.sql.SQLException: Cannot get a connection, general error
2022-06-03 17:02:20 INFO  FormDbUtil:100 - Unable to fetch records from getcodevalues java.sql.SQLException: Cannot get a connection, general error
2022-06-03 17:02:20 INFO  FormDbUtil:335 - Unable to fetch records from entity list java.sql.SQLException: Data source is closed
2022-06-03 17:02:20 INFO  FormDbUtil:335 - Unable to fetch records from entity list java.sql.SQLException: Data source is closed
2022-06-03 17:02:20 WARN  FormDbUtil:630 - Unable to get total number of records: java.sql.SQLException: Data source is closed
2022-06-03 17:02:20 WARN  FormDbUtil:630 - Unable to get total number of records: java.sql.SQLException: Data source is closed
2022-06-03 17:23:50 INFO  FormDbUtil:335 - Unable to fetch records from entity list java.sql.SQLSyntaxErrorException: You have an error in your SQL syntax; check the manual that corresponds to your MySQL server version for the right syntax to use near 'where company_name like '%%'' at line 1
2022-06-03 17:23:55 INFO  FormDbUtil:335 - Unable to fetch records from entity list java.sql.SQLSyntaxErrorException: You have an error in your SQL syntax; check the manual that corresponds to your MySQL server version for the right syntax to use near 'where company_name like '%%'' at line 1
2022-06-03 17:28:48 INFO  FormDbUtil:335 - Unable to fetch records from entity list java.lang.NullPointerException: Cannot invoke "String.length()" because "search" is null
2022-06-03 17:29:43 INFO  FormDbUtil:100 - Unable to fetch records from getcodevalues java.sql.SQLException: Data source is closed
2022-06-03 17:35:22 INFO  FormDbUtil:336 - Unable to fetch records from entity list java.sql.SQLSyntaxErrorException: You have an error in your SQL syntax; check the manual that corresponds to your MySQL server version for the right syntax to use near 'where company_name like '%raj%'' at line 1
2022-06-03 17:37:08 INFO  FormDbUtil:336 - Unable to fetch records from entity list java.sql.SQLSyntaxErrorException: You have an error in your SQL syntax; check the manual that corresponds to your MySQL server version for the right syntax to use near 'where company_name like '%raj%'' at line 1
2022-06-03 17:41:16 INFO  FormDbUtil:339 - Unable to fetch records from entity list java.sql.SQLSyntaxErrorException: You have an error in your SQL syntax; check the manual that corresponds to your MySQL server version for the right syntax to use near 'where company_name like '%raj%' limit 20 offset 0' at line 1
2022-06-06 15:05:38 WARN  FormDbUtil:642 - Unable to get total number of records: java.sql.SQLSyntaxErrorException: You have an error in your SQL syntax; check the manual that corresponds to your MySQL server version for the right syntax to use near 'where company_name like '%tata%'' at line 1
2022-06-06 15:05:52 WARN  FormDbUtil:642 - Unable to get total number of records: java.sql.SQLSyntaxErrorException: You have an error in your SQL syntax; check the manual that corresponds to your MySQL server version for the right syntax to use near 'where company_name like '%%'' at line 1
2022-06-06 15:06:53 WARN  FormDbUtil:642 - Unable to get total number of records: java.sql.SQLSyntaxErrorException: You have an error in your SQL syntax; check the manual that corresponds to your MySQL server version for the right syntax to use near 'where company_name like '%tata%'' at line 1
2022-06-06 15:09:06 WARN  FormDbUtil:642 - Unable to get total number of records: java.sql.SQLSyntaxErrorException: You have an error in your SQL syntax; check the manual that corresponds to your MySQL server version for the right syntax to use near 'where company_name like '%tata%'' at line 1
2022-06-06 15:09:08 WARN  FormDbUtil:642 - Unable to get total number of records: java.sql.SQLSyntaxErrorException: You have an error in your SQL syntax; check the manual that corresponds to your MySQL server version for the right syntax to use near 'where company_name like '%tata%'' at line 1
2022-06-06 15:10:17 WARN  FormDbUtil:642 - Unable to get total number of records: java.sql.SQLSyntaxErrorException: You have an error in your SQL syntax; check the manual that corresponds to your MySQL server version for the right syntax to use near 'where company_name like '%tata%'' at line 1
2022-06-06 15:10:18 WARN  FormDbUtil:642 - Unable to get total number of records: java.sql.SQLSyntaxErrorException: You have an error in your SQL syntax; check the manual that corresponds to your MySQL server version for the right syntax to use near 'where company_name like '%tata%'' at line 1
2022-06-06 15:11:08 WARN  FormDbUtil:642 - Unable to get total number of records: java.sql.SQLSyntaxErrorException: You have an error in your SQL syntax; check the manual that corresponds to your MySQL server version for the right syntax to use near 'where company_name like '%tata%'' at line 1
2022-06-06 15:11:10 WARN  FormDbUtil:642 - Unable to get total number of records: java.sql.SQLSyntaxErrorException: You have an error in your SQL syntax; check the manual that corresponds to your MySQL server version for the right syntax to use near 'where company_name like '%tata%'' at line 1
2022-06-06 15:11:34 WARN  FormDbUtil:642 - Unable to get total number of records: java.sql.SQLSyntaxErrorException: You have an error in your SQL syntax; check the manual that corresponds to your MySQL server version for the right syntax to use near 'where company_name like '%tata%'' at line 1
2022-06-06 15:12:03 WARN  FormDbUtil:642 - Unable to get total number of records: java.sql.SQLSyntaxErrorException: You have an error in your SQL syntax; check the manual that corresponds to your MySQL server version for the right syntax to use near 'where company_name like '%tata%'' at line 1
2022-06-06 15:12:04 WARN  FormDbUtil:642 - Unable to get total number of records: java.sql.SQLSyntaxErrorException: You have an error in your SQL syntax; check the manual that corresponds to your MySQL server version for the right syntax to use near 'where company_name like '%tata%'' at line 1
2022-06-06 15:12:25 WARN  FormDbUtil:642 - Unable to get total number of records: java.sql.SQLSyntaxErrorException: You have an error in your SQL syntax; check the manual that corresponds to your MySQL server version for the right syntax to use near 'where company_name like '%raj%'' at line 1
2022-06-06 15:13:59 WARN  FormDbUtil:642 - Unable to get total number of records: java.sql.SQLSyntaxErrorException: You have an error in your SQL syntax; check the manual that corresponds to your MySQL server version for the right syntax to use near 'where company_name like '%raj%'' at line 1
2022-06-06 15:14:00 WARN  FormDbUtil:642 - Unable to get total number of records: java.sql.SQLSyntaxErrorException: You have an error in your SQL syntax; check the manual that corresponds to your MySQL server version for the right syntax to use near 'where company_name like '%raj%'' at line 1
2022-06-06 15:15:39 WARN  FormDbUtil:642 - Unable to get total number of records: java.sql.SQLSyntaxErrorException: You have an error in your SQL syntax; check the manual that corresponds to your MySQL server version for the right syntax to use near 'where company_name like '%raj%'' at line 1
2022-06-06 15:15:40 WARN  FormDbUtil:642 - Unable to get total number of records: java.sql.SQLSyntaxErrorException: You have an error in your SQL syntax; check the manual that corresponds to your MySQL server version for the right syntax to use near 'where company_name like '%raj%'' at line 1
2022-06-06 15:15:48 WARN  FormDbUtil:642 - Unable to get total number of records: java.sql.SQLSyntaxErrorException: You have an error in your SQL syntax; check the manual that corresponds to your MySQL server version for the right syntax to use near 'where company_name like '%%'' at line 1
2022-06-06 15:16:10 WARN  FormDbUtil:642 - Unable to get total number of records: java.sql.SQLSyntaxErrorException: You have an error in your SQL syntax; check the manual that corresponds to your MySQL server version for the right syntax to use near 'where company_name like '%raj%'' at line 1
2022-06-06 15:16:17 WARN  FormDbUtil:642 - Unable to get total number of records: java.sql.SQLSyntaxErrorException: You have an error in your SQL syntax; check the manual that corresponds to your MySQL server version for the right syntax to use near 'where company_name like '%%'' at line 1
2022-06-06 15:18:17 WARN  FormDbUtil:642 - Unable to get total number of records: java.sql.SQLSyntaxErrorException: You have an error in your SQL syntax; check the manual that corresponds to your MySQL server version for the right syntax to use near 'where company_name like '%%'' at line 1
2022-06-06 15:18:19 WARN  FormDbUtil:642 - Unable to get total number of records: java.sql.SQLSyntaxErrorException: You have an error in your SQL syntax; check the manual that corresponds to your MySQL server version for the right syntax to use near 'where company_name like '%%'' at line 1
2022-06-06 15:18:41 WARN  FormDbUtil:642 - Unable to get total number of records: java.sql.SQLSyntaxErrorException: You have an error in your SQL syntax; check the manual that corresponds to your MySQL server version for the right syntax to use near 'where company_name like '%%'' at line 1
2022-06-06 15:18:43 WARN  FormDbUtil:642 - Unable to get total number of records: java.sql.SQLSyntaxErrorException: You have an error in your SQL syntax; check the manual that corresponds to your MySQL server version for the right syntax to use near 'where company_name like '%%'' at line 1
2022-06-06 15:18:44 WARN  FormDbUtil:642 - Unable to get total number of records: java.sql.SQLSyntaxErrorException: You have an error in your SQL syntax; check the manual that corresponds to your MySQL server version for the right syntax to use near 'where company_name like '%%'' at line 1
2022-06-06 15:19:11 WARN  FormDbUtil:642 - Unable to get total number of records: java.sql.SQLSyntaxErrorException: You have an error in your SQL syntax; check the manual that corresponds to your MySQL server version for the right syntax to use near 'where company_name like '%%'' at line 1
2022-06-06 15:19:34 WARN  FormDbUtil:642 - Unable to get total number of records: java.sql.SQLSyntaxErrorException: You have an error in your SQL syntax; check the manual that corresponds to your MySQL server version for the right syntax to use near 'where company_name like '%%'' at line 1
2022-06-06 15:19:35 WARN  FormDbUtil:642 - Unable to get total number of records: java.sql.SQLSyntaxErrorException: You have an error in your SQL syntax; check the manual that corresponds to your MySQL server version for the right syntax to use near 'where company_name like '%%'' at line 1
2022-06-06 15:21:09 WARN  FormDbUtil:642 - Unable to get total number of records: java.sql.SQLSyntaxErrorException: You have an error in your SQL syntax; check the manual that corresponds to your MySQL server version for the right syntax to use near 'where company_name like '%%'' at line 1
2022-06-06 15:21:11 WARN  FormDbUtil:642 - Unable to get total number of records: java.sql.SQLSyntaxErrorException: You have an error in your SQL syntax; check the manual that corresponds to your MySQL server version for the right syntax to use near 'where company_name like '%%'' at line 1
2022-06-06 15:21:36 WARN  FormDbUtil:642 - Unable to get total number of records: java.sql.SQLSyntaxErrorException: You have an error in your SQL syntax; check the manual that corresponds to your MySQL server version for the right syntax to use near 'where company_name like '%tata%'' at line 1
2022-06-06 15:27:38 WARN  FormDbUtil:642 - Unable to get total number of records: java.sql.SQLSyntaxErrorException: You have an error in your SQL syntax; check the manual that corresponds to your MySQL server version for the right syntax to use near 'where company_name like '%tata%'' at line 1
2022-06-06 15:27:44 WARN  FormDbUtil:642 - Unable to get total number of records: java.sql.SQLSyntaxErrorException: You have an error in your SQL syntax; check the manual that corresponds to your MySQL server version for the right syntax to use near 'where company_name like '%tata%'' at line 1
2022-06-06 15:28:03 WARN  FormDbUtil:642 - Unable to get total number of records: java.sql.SQLSyntaxErrorException: You have an error in your SQL syntax; check the manual that corresponds to your MySQL server version for the right syntax to use near 'where company_name like '%raj%'' at line 1
2022-06-06 15:28:14 WARN  FormDbUtil:642 - Unable to get total number of records: java.sql.SQLSyntaxErrorException: You have an error in your SQL syntax; check the manual that corresponds to your MySQL server version for the right syntax to use near 'where company_name like '%%'' at line 1
2022-06-06 15:30:04 WARN  FormDbUtil:642 - Unable to get total number of records: java.sql.SQLSyntaxErrorException: You have an error in your SQL syntax; check the manual that corresponds to your MySQL server version for the right syntax to use near 'where company_name like '%%'' at line 1
2022-06-06 15:30:10 WARN  FormDbUtil:642 - Unable to get total number of records: java.sql.SQLSyntaxErrorException: You have an error in your SQL syntax; check the manual that corresponds to your MySQL server version for the right syntax to use near 'where company_name like '%info%'' at line 1
2022-06-06 15:30:27 WARN  FormDbUtil:642 - Unable to get total number of records: java.sql.SQLSyntaxErrorException: You have an error in your SQL syntax; check the manual that corresponds to your MySQL server version for the right syntax to use near 'where company_name like '%la%'' at line 1
2022-06-06 17:08:37 INFO  FormDbUtil:101 - Unable to fetch records from getcodevalues java.sql.SQLException: Cannot get a connection, general error
2022-06-06 17:08:37 INFO  FormDbUtil:817 - Unable to print records in pdf java.sql.SQLException: Cannot get a connection, general error
2022-06-06 17:08:37 INFO  FormDbUtil:340 - Unable to fetch records from entity list java.sql.SQLException: Data source is closed
2022-06-06 17:08:37 WARN  FormDbUtil:642 - Unable to get total number of records: java.sql.SQLException: Data source is closed
